<?xml version="1.0" encoding="UTF-8"?>
<testsuite xmlns:xsi="http://www.w3.org/2001/XMLSchema-instance" xsi:noNamespaceSchemaLocation="https://maven.apache.org/surefire/maven-surefire-plugin/xsd/surefire-test-report-3.0.xsd" version="3.0" name="com.adorsys.keycloakstatuslist.TokenStatusPluginTest" time="1.764" tests="10" errors="0" skipped="0" failures="0">
  <properties>
[...]
</properties>
  <testcase name="testStatusListConfigLoading" classname="com.adorsys.keycloakstatuslist.TokenStatusPluginTest" time="1.26">
    <system-err><![CDATA[Mockito is currently self-attaching to enable the inline-mock-maker. This will no longer work in future releases of the JDK. Please add Mockito as an agent to your build as described in Mockito's documentation: https://javadoc.io/doc/org.mockito/mockito-core/latest/org/mockito/Mockito.html#0.3
WARNING: A Java agent has been loaded dynamically (/home/arthur/.m2/repository/net/bytebuddy/byte-buddy-agent/1.15.11/byte-buddy-agent-1.15.11.jar)
WARNING: If a serviceability tool is in use, please run with -XX:+EnableDynamicAgentLoading to hide this warning
WARNING: If a serviceability tool is not in use, please run with -Djdk.instrument.traceUsage for more information
WARNING: Dynamic loading of agents will be disallowed by default in a future release
SLF4J: Failed to load class "org.slf4j.impl.StaticLoggerBinder".
SLF4J: Defaulting to no-operation (NOP) logger implementation
SLF4J: See http://www.slf4j.org/codes.html#StaticLoggerBinder for further details.
]]></system-err>
  </testcase>
  <testcase name="testStatusListServiceRetry" classname="com.adorsys.keycloakstatuslist.TokenStatusPluginTest" time="0.441">
    <system-err><![CDATA[Apr 11, 2025 12:07:33 PM com.adorsys.keycloakstatuslist.service.StatusListService executeWithRetry
WARN: Request failed. Status code: 500
]]></system-err>
  </testcase>
  <testcase name="testEventListenerForLogoutEvent" classname="com.adorsys.keycloakstatuslist.TokenStatusPluginTest" time="0.007"/>
  <testcase name="testEventListenerIgnoresEventsWithoutTokenId" classname="com.adorsys.keycloakstatuslist.TokenStatusPluginTest" time="0.003"/>
  <testcase name="testTokenStatusModel" classname="com.adorsys.keycloakstatuslist.TokenStatusPluginTest" time="0.002"/>
  <testcase name="testStatusListServiceUpdate" classname="com.adorsys.keycloakstatuslist.TokenStatusPluginTest" time="0.007"/>
  <testcase name="testEventListenerForLoginEvent" classname="com.adorsys.keycloakstatuslist.TokenStatusPluginTest" time="0.003"/>
  <testcase name="testEventListenerIgnoresIrrelevantEvents" classname="com.adorsys.keycloakstatuslist.TokenStatusPluginTest" time="0.002"/>
  <testcase name="testStatusListConfigDefaults" classname="com.adorsys.keycloakstatuslist.TokenStatusPluginTest" time="0.003"/>
  <testcase name="testStatusListServicePublish" classname="com.adorsys.keycloakstatuslist.TokenStatusPluginTest" time="0.007"/>
</testsuite>